<?xml version="1.0" encoding="UTF-8"?>
<!-- Generated by org.testng.reporters.JUnitReportReporter -->
<testsuite hostname="RMM-PN-LT-365" failures="0" tests="2" name="getRequest.getData" time="3.193" errors="0" timestamp="22 Aug 2020 14:05:17 GMT" skipped="0">
  <testcase classname="getRequest.getData" name="testResponsecode" time="2.011"/>
  <testcase classname="getRequest.getData" name="testbody" time="1.182"/>
</testsuite> <!-- getRequest.getData -->
