<?xml version="1.0" encoding="UTF-8"?>
<!-- Generated by org.testng.reporters.JUnitReportReporter -->
<testsuite hostname="RMM-PN-LT-365" failures="0" tests="2" name="getRequest.getData2" time="255.194" errors="0" timestamp="22 Aug 2020 14:31:15 GMT" skipped="0">
  <testcase classname="getRequest.getData2" name="testbody" time="10.793"/>
  <testcase classname="getRequest.getData2" name="testResponsecode" time="244.401"/>
</testsuite> <!-- getRequest.getData2 -->
