<?xml version="1.0" encoding="UTF-8"?>
<!-- Generated by org.testng.reporters.JUnitReportReporter -->
<testsuite hostname="RMM-PN-LT-365" failures="0" tests="1" name="getRequest.video" time="0.964" errors="0" timestamp="22 Aug 2020 18:43:01 GMT" skipped="0">
  <testcase classname="getRequest.video" name="test1" time="0.964"/>
</testsuite> <!-- getRequest.video -->
